  Source.cpp
C:\MyDriverss\Project3\Source.cpp(45,1): warning C4305: =: усечение из "double" в "float"
C:\MyDriverss\Project3\Source.cpp(56,32): warning C4244: =: преобразование "double" в "float", возможна потеря данных
C:\MyDriverss\Project3\Source.cpp(63,45): warning C4244: =: преобразование "int" в "T", возможна потеря данных
          with
          [
              T=float
          ]
C:\MyDriverss\Project3\Source.cpp(65,31): warning C4244: +=: преобразование "double" в "float", возможна потеря данных
C:\MyDriverss\Project3\Source.cpp(78,20): warning C4244: инициализация: преобразование "T" в "int", возможна потеря данных
          with
          [
              T=float
          ]
C:\MyDriverss\Project3\Source.cpp(79,24): warning C4244: инициализация: преобразование "T" в "int", возможна потеря данных
          with
          [
              T=float
          ]
C:\MyDriverss\Project3\Source.cpp(84,67): warning C4244: =: преобразование "int" в "T", возможна потеря данных
          with
          [
              T=float
          ]
C:\MyDriverss\Project3\Source.cpp(86,69): warning C4244: =: преобразование "int" в "T", возможна потеря данных
          with
          [
              T=float
          ]
C:\MyDriverss\Project3\Source.cpp(115,20): warning C4244: инициализация: преобразование "sf::Int64" в "float", возможна потеря данных
C:\MyDriverss\Project3\Source.cpp(129,25): warning C4305: =: усечение из "double" в "float"
C:\MyDriverss\Project3\Source.cpp(134,24): warning C4305: =: усечение из "double" в "float"
C:\MyDriverss\Project3\Source.cpp(139,45): warning C4305: =: усечение из "double" в "float"
C:\MyDriverss\Project3\Source.cpp(155,49): warning C4244: аргумент: преобразование "int" в "float", возможна потеря данных
C:\MyDriverss\Project3\Source.cpp(155,41): warning C4244: аргумент: преобразование "int" в "float", возможна потеря данных
LINK : warning LNK4075: не учитывается "/INCREMENTAL" из-за спецификации "/LTCG"
  LINK : указан параметр /LTCG, но не требуется создание кода; удалите /LTCG из командной строки компоновки для повышения производительности компоновщика
  Project3.vcxproj -> C:\MyDriverss\Project3\x64\Release\Project3.exe
